2015-10-13 15:51:50 INFO  MainClassForServer:22 - The library server is launching...Wait...
2015-10-13 15:51:55 INFO  MainClassForServer:46 - Library was extracted from the archive.
2015-10-13 16:21:01 INFO  LibraryServer:58 - NAMEACCEPTED:Olga
2015-10-13 16:21:10 ERROR LibraryServer:160 - Threw a IOException in LibraryServer class::Connection reset
2015-10-13 16:22:49 INFO  LibraryServer:58 - NAMEACCEPTED:Olga
2015-10-13 16:22:52 ERROR LibraryServer:160 - Threw a IOException in LibraryServer class::Connection reset
2015-10-13 17:02:27 INFO  MainClassForServer:22 - The library server is launching...Wait...
2015-10-13 17:02:50 INFO  MainClassForServer:46 - Library was extracted from the archive.
2015-10-13 17:03:38 INFO  LibraryServer:58 - NAMEACCEPTED:Oleg
2015-10-13 17:03:48 INFO  LibraryServer:58 - NAMEACCEPTED:Dan
2015-10-13 17:04:13 INFO  LibraryServer:68 - New request to add book
2015-10-13 17:04:30 INFO  LibraryServer:137 - New request to edit book from the library.
2015-10-13 17:05:21 INFO  LibraryServer:137 - New request to edit book from the library.
2015-10-13 17:06:28 ERROR LibraryServer:160 - Threw a IOException in LibraryServer class::Connection reset
2015-10-13 17:06:29 ERROR LibraryServer:160 - Threw a IOException in LibraryServer class::Connection reset
2015-10-13 17:06:44 INFO  LibraryServer:58 - NAMEACCEPTED:Oleg
2015-10-13 17:06:59 INFO  LibraryServer:58 - NAMEACCEPTED:Ben
2015-10-13 17:07:13 INFO  LibraryServer:68 - New request to add book
2015-10-13 17:09:30 INFO  LibraryServer:137 - New request to edit book from the library.
2015-10-13 17:10:57 ERROR LibraryServer:160 - Threw a IOException in LibraryServer class::Connection reset
2015-10-13 17:10:58 ERROR LibraryServer:160 - Threw a IOException in LibraryServer class::Connection reset
2015-10-13 17:13:50 INFO  MainClassForServer:22 - The library server is launching...Wait...
2015-10-13 17:13:53 INFO  MainClassForServer:46 - Library was extracted from the archive.
2015-10-13 17:14:09 INFO  LibraryServer:58 - NAMEACCEPTED:Karl
2015-10-13 17:14:40 INFO  LibraryServer:137 - New request to edit book from the library.
2015-10-13 17:14:49 ERROR LibraryServer:160 - Threw a IOException in LibraryServer class::Connection reset
2015-10-13 17:17:32 INFO  LibraryServer:58 - NAMEACCEPTED:wegfedf
2015-10-13 17:17:41 INFO  LibraryServer:58 - NAMEACCEPTED:dfge
2015-10-13 17:18:02 INFO  LibraryServer:82 - New request to remove book from the library.
2015-10-13 17:21:13 INFO  LibraryServer:68 - New request to add book
2015-10-13 17:21:45 INFO  LibraryServer:137 - New request to edit book from the library.
2015-10-13 17:27:20 ERROR LibraryServer:160 - Threw a IOException in LibraryServer class::Connection reset
2015-10-13 17:27:21 ERROR LibraryServer:160 - Threw a IOException in LibraryServer class::Connection reset
2015-10-15 09:32:09 INFO  MainClassForServer:22 - The library server is launching...Wait...
2015-10-15 09:33:25 INFO  MainClassForServer:22 - The library server is launching...Wait...
2015-10-15 09:33:30 INFO  MainClassForServer:46 - Library was extracted from the archive.
2015-10-15 09:33:56 INFO  LibraryServer:88 - NAMEACCEPTED:Oleg
2015-10-15 09:34:03 ERROR LibraryServer:190 - Threw a IOException in LibraryServer class::Connection reset
2015-10-15 09:34:41 INFO  MainClassForServer:22 - The library server is launching...Wait...
2015-10-15 11:28:05 INFO  MainClassForServer:22 - The library server is launching...Wait...
2015-10-15 11:35:00 INFO  MainClassForServer:22 - The library server is launching...Wait...
2015-10-15 11:36:07 INFO  MainClassForServer:22 - The library server is launching...Wait...
2015-10-15 11:36:11 INFO  MainClassForServer:46 - Library was extracted from the archive.
2015-10-15 11:36:31 INFO  LibraryServer:88 - NAMEACCEPTED:Olga
2015-10-15 11:36:35 ERROR LibraryServer:190 - Threw a IOException in LibraryServer class::Connection reset
2015-10-15 12:34:01 INFO  MainClassForServer:22 - The library server is launching...Wait...
2015-10-15 12:35:06 INFO  MainClassForServer:46 - Library was extracted from the archive.
2015-10-15 12:35:48 INFO  LibraryServer:88 - NAMEACCEPTED:Olga
2015-10-15 12:36:18 INFO  LibraryServer:98 - New request to add book
2015-10-15 12:37:15 INFO  LibraryServer:167 - New request to edit book from the library.
2015-10-15 12:37:24 INFO  LibraryServer:167 - New request to edit book from the library.
2015-10-15 12:38:25 ERROR LibraryServer:190 - Threw a IOException in LibraryServer class::Connection reset
